2015/10/02 11:15:46 [error] [php] Trying to get property of non-object (C:\xampp\htdocs\Emsystem\ftrs\protected\views\site\index.php:5)
Stack trace:
#0 C:\xampp\htdocs\Emsystem\yii\framework\web\CController.php(869): SiteController->renderFile()
#1 C:\xampp\htdocs\Emsystem\yii\framework\web\CController.php(782): SiteController->renderPartial()
#2 C:\xampp\htdocs\Emsystem\ftrs\protected\controllers\SiteController.php(32): SiteController->render()
#3 C:\xampp\htdocs\Emsystem\yii\framework\web\actions\CInlineAction.php(49): SiteController->actionIndex()
#4 C:\xampp\htdocs\Emsystem\yii\framework\web\CController.php(308): CInlineAction->runWithParams()
#5 C:\xampp\htdocs\Emsystem\yii\framework\web\CController.php(286): SiteController->runAction()
#6 C:\xampp\htdocs\Emsystem\yii\framework\web\CController.php(265): SiteController->runActionWithFilters()
#7 C:\xampp\htdocs\Emsystem\yii\framework\web\CWebApplication.php(282): SiteController->run()
#8 C:\xampp\htdocs\Emsystem\yii\framework\web\CWebApplication.php(141): CWebApplication->runController()
#9 C:\xampp\htdocs\Emsystem\yii\framework\base\CApplication.php(184): CWebApplication->processRequest()
#10 C:\xampp\htdocs\Emsystem\ftrs\index.php(13): CWebApplication->run()
REQUEST_URI=/emsystem/ftrs/index.php
in C:\xampp\htdocs\Emsystem\ftrs\protected\views\site\index.php (5)
in C:\xampp\htdocs\Emsystem\ftrs\protected\controllers\SiteController.php (32)
in C:\xampp\htdocs\Emsystem\ftrs\index.php (13)
2015/10/02 11:16:34 [error] [php] Trying to get property of non-object (C:\xampp\htdocs\Emsystem\ftrs\protected\views\site\index.php:5)
Stack trace:
#0 C:\xampp\htdocs\Emsystem\yii\framework\web\CController.php(869): SiteController->renderFile()
#1 C:\xampp\htdocs\Emsystem\yii\framework\web\CController.php(782): SiteController->renderPartial()
#2 C:\xampp\htdocs\Emsystem\ftrs\protected\controllers\SiteController.php(32): SiteController->render()
#3 C:\xampp\htdocs\Emsystem\yii\framework\web\actions\CInlineAction.php(49): SiteController->actionIndex()
#4 C:\xampp\htdocs\Emsystem\yii\framework\web\CController.php(308): CInlineAction->runWithParams()
#5 C:\xampp\htdocs\Emsystem\yii\framework\web\CController.php(286): SiteController->runAction()
#6 C:\xampp\htdocs\Emsystem\yii\framework\web\CController.php(265): SiteController->runActionWithFilters()
#7 C:\xampp\htdocs\Emsystem\yii\framework\web\CWebApplication.php(282): SiteController->run()
#8 C:\xampp\htdocs\Emsystem\yii\framework\web\CWebApplication.php(141): CWebApplication->runController()
#9 C:\xampp\htdocs\Emsystem\yii\framework\base\CApplication.php(184): CWebApplication->processRequest()
#10 C:\xampp\htdocs\Emsystem\ftrs\index.php(13): CWebApplication->run()
REQUEST_URI=/emsystem/ftrs/index.php
in C:\xampp\htdocs\Emsystem\ftrs\protected\views\site\index.php (5)
in C:\xampp\htdocs\Emsystem\ftrs\protected\controllers\SiteController.php (32)
in C:\xampp\htdocs\Emsystem\ftrs\index.php (13)
2015/10/02 11:17:10 [error] [php] Trying to get property of non-object (C:\xampp\htdocs\Emsystem\ftrs\protected\views\site\index.php:5)
Stack trace:
#0 C:\xampp\htdocs\Emsystem\yii\framework\web\CController.php(869): SiteController->renderFile()
#1 C:\xampp\htdocs\Emsystem\yii\framework\web\CController.php(782): SiteController->renderPartial()
#2 C:\xampp\htdocs\Emsystem\ftrs\protected\controllers\SiteController.php(32): SiteController->render()
#3 C:\xampp\htdocs\Emsystem\yii\framework\web\actions\CInlineAction.php(49): SiteController->actionIndex()
#4 C:\xampp\htdocs\Emsystem\yii\framework\web\CController.php(308): CInlineAction->runWithParams()
#5 C:\xampp\htdocs\Emsystem\yii\framework\web\CController.php(286): SiteController->runAction()
#6 C:\xampp\htdocs\Emsystem\yii\framework\web\CController.php(265): SiteController->runActionWithFilters()
#7 C:\xampp\htdocs\Emsystem\yii\framework\web\CWebApplication.php(282): SiteController->run()
#8 C:\xampp\htdocs\Emsystem\yii\framework\web\CWebApplication.php(141): CWebApplication->runController()
#9 C:\xampp\htdocs\Emsystem\yii\framework\base\CApplication.php(184): CWebApplication->processRequest()
#10 C:\xampp\htdocs\Emsystem\ftrs\index.php(13): CWebApplication->run()
REQUEST_URI=/emsystem/ftrs/index.php?r=site/index
in C:\xampp\htdocs\Emsystem\ftrs\protected\views\site\index.php (5)
in C:\xampp\htdocs\Emsystem\ftrs\protected\controllers\SiteController.php (32)
in C:\xampp\htdocs\Emsystem\ftrs\index.php (13)
2015/10/02 11:17:34 [error] [php] Trying to get property of non-object (C:\xampp\htdocs\Emsystem\ftrs\protected\views\site\index.php:5)
Stack trace:
#0 C:\xampp\htdocs\Emsystem\yii\framework\web\CController.php(869): SiteController->renderFile()
#1 C:\xampp\htdocs\Emsystem\yii\framework\web\CController.php(782): SiteController->renderPartial()
#2 C:\xampp\htdocs\Emsystem\ftrs\protected\controllers\SiteController.php(32): SiteController->render()
#3 C:\xampp\htdocs\Emsystem\yii\framework\web\actions\CInlineAction.php(49): SiteController->actionIndex()
#4 C:\xampp\htdocs\Emsystem\yii\framework\web\CController.php(308): CInlineAction->runWithParams()
#5 C:\xampp\htdocs\Emsystem\yii\framework\web\CController.php(286): SiteController->runAction()
#6 C:\xampp\htdocs\Emsystem\yii\framework\web\CController.php(265): SiteController->runActionWithFilters()
#7 C:\xampp\htdocs\Emsystem\yii\framework\web\CWebApplication.php(282): SiteController->run()
#8 C:\xampp\htdocs\Emsystem\yii\framework\web\CWebApplication.php(141): CWebApplication->runController()
#9 C:\xampp\htdocs\Emsystem\yii\framework\base\CApplication.php(184): CWebApplication->processRequest()
#10 C:\xampp\htdocs\Emsystem\ftrs\index.php(13): CWebApplication->run()
REQUEST_URI=/emsystem/ftrs/index.php?r=site/index
in C:\xampp\htdocs\Emsystem\ftrs\protected\views\site\index.php (5)
in C:\xampp\htdocs\Emsystem\ftrs\protected\controllers\SiteController.php (32)
in C:\xampp\htdocs\Emsystem\ftrs\index.php (13)
2015/10/06 18:40:59 [error] [exception.CHttpException.404] exception 'CHttpException' with message 'Unable to resolve the request "customer/admin".' in C:\xampp\htdocs\Emsystem\yii\framework\web\CWebApplication.php:286
Stack trace:
#0 C:\xampp\htdocs\Emsystem\yii\framework\web\CWebApplication.php(141): CWebApplication->runController('customer/admin')
#1 C:\xampp\htdocs\Emsystem\yii\framework\base\CApplication.php(184): CWebApplication->processRequest()
#2 C:\xampp\htdocs\Emsystem\ftrs\index.php(13): CApplication->run()
#3 {main}
REQUEST_URI=/emsystem/ftrs/index.php?r=customer/admin
---
